0 info it worked if it ends with ok
1 verbose cli [ '/usr/bin/nodejs',
1 verbose cli   '/usr/bin/npm',
1 verbose cli   'install',
1 verbose cli   '-g',
1 verbose cli   'coffeescript' ]
2 info using npm@3.5.2
3 info using node@v4.2.6
4 silly loadCurrentTree Starting
5 silly install loadCurrentTree
6 silly install readGlobalPackageData
7 silly fetchPackageMetaData coffeescript
8 silly fetchNamedPackageData coffeescript
9 silly mapToRegistry name coffeescript
10 silly mapToRegistry using default registry
11 silly mapToRegistry registry https://registry.npmjs.org/
12 silly mapToRegistry uri https://registry.npmjs.org/coffeescript
13 verbose request uri https://registry.npmjs.org/coffeescript
14 verbose request no auth needed
15 info attempt registry request try #1 at 09:22:38
16 verbose request id f6b8bfc483341f0e
17 http request GET https://registry.npmjs.org/coffeescript
18 http 200 https://registry.npmjs.org/coffeescript
19 verbose headers { server: 'nginx/1.10.1',
19 verbose headers   'content-type': 'application/json',
19 verbose headers   'last-modified': 'Wed, 24 May 2017 16:49:30 GMT',
19 verbose headers   etag: 'W/"5925b99a-11437"',
19 verbose headers   'content-encoding': 'gzip',
19 verbose headers   'cache-control': 'max-age=300',
19 verbose headers   'content-length': '7593',
19 verbose headers   'accept-ranges': 'bytes',
19 verbose headers   date: 'Tue, 30 May 2017 08:22:41 GMT',
19 verbose headers   via: '1.1 varnish',
19 verbose headers   age: '0',
19 verbose headers   connection: 'keep-alive',
19 verbose headers   'x-served-by': 'cache-lcy1129-LCY',
19 verbose headers   'x-cache': 'HIT',
19 verbose headers   'x-cache-hits': '1',
19 verbose headers   'x-timer': 'S1496132561.148552,VS0,VE18',
19 verbose headers   vary: 'Accept-Encoding' }
20 silly get cb [ 200,
20 silly get   { server: 'nginx/1.10.1',
20 silly get     'content-type': 'application/json',
20 silly get     'last-modified': 'Wed, 24 May 2017 16:49:30 GMT',
20 silly get     etag: 'W/"5925b99a-11437"',
20 silly get     'content-encoding': 'gzip',
20 silly get     'cache-control': 'max-age=300',
20 silly get     'content-length': '7593',
20 silly get     'accept-ranges': 'bytes',
20 silly get     date: 'Tue, 30 May 2017 08:22:41 GMT',
20 silly get     via: '1.1 varnish',
20 silly get     age: '0',
20 silly get     connection: 'keep-alive',
20 silly get     'x-served-by': 'cache-lcy1129-LCY',
20 silly get     'x-cache': 'HIT',
20 silly get     'x-cache-hits': '1',
20 silly get     'x-timer': 'S1496132561.148552,VS0,VE18',
20 silly get     vary: 'Accept-Encoding' } ]
21 verbose get saving coffeescript to /home/kyle/.npm/registry.npmjs.org/coffeescript/.cache.json
22 silly install normalizeTree
23 silly loadCurrentTree Finishing
24 silly loadIdealTree Starting
25 silly install loadIdealTree
26 silly cloneCurrentTree Starting
27 silly install cloneCurrentTreeToIdealTree
28 silly cloneCurrentTree Finishing
29 silly loadShrinkwrap Starting
30 silly install loadShrinkwrap
31 silly loadShrinkwrap Finishing
32 silly loadAllDepsIntoIdealTree Starting
33 silly install loadAllDepsIntoIdealTree
34 silly resolveWithNewModule coffeescript@1.12.6 checking installable status
35 silly cache add args [ 'coffeescript', null ]
36 verbose cache add spec coffeescript
37 silly cache add parsed spec Result {
37 silly cache add   raw: 'coffeescript',
37 silly cache add   scope: null,
37 silly cache add   name: 'coffeescript',
37 silly cache add   rawSpec: '',
37 silly cache add   spec: 'latest',
37 silly cache add   type: 'tag' }
38 silly addNamed coffeescript@latest
39 verbose addNamed "latest" is being treated as a dist-tag for coffeescript
40 info addNameTag [ 'coffeescript', 'latest' ]
41 silly mapToRegistry name coffeescript
42 silly mapToRegistry using default registry
43 silly mapToRegistry registry https://registry.npmjs.org/
44 silly mapToRegistry uri https://registry.npmjs.org/coffeescript
45 verbose addNameTag registry:https://registry.npmjs.org/coffeescript not in flight; fetching
46 verbose get https://registry.npmjs.org/coffeescript not expired, no request
47 silly addNameTag next cb for coffeescript with tag latest
48 silly addNamed coffeescript@1.12.6
49 verbose addNamed "1.12.6" is a plain semver version for coffeescript
50 silly mapToRegistry name coffeescript
51 silly mapToRegistry using default registry
52 silly mapToRegistry registry https://registry.npmjs.org/
53 silly mapToRegistry uri https://registry.npmjs.org/coffeescript
54 verbose addRemoteTarball https://registry.npmjs.org/coffeescript/-/coffeescript-1.12.6.tgz not in flight; adding
55 verbose addRemoteTarball [ 'https://registry.npmjs.org/coffeescript/-/coffeescript-1.12.6.tgz',
55 verbose addRemoteTarball   'dcbf2be5b64ce66505cb43c4ed7f1b44cb90f33c' ]
56 info retry fetch attempt 1 at 09:22:38
57 info attempt registry request try #1 at 09:22:38
58 http fetch GET https://registry.npmjs.org/coffeescript/-/coffeescript-1.12.6.tgz
59 http fetch 200 https://registry.npmjs.org/coffeescript/-/coffeescript-1.12.6.tgz
60 silly fetchAndShaCheck shasum dcbf2be5b64ce66505cb43c4ed7f1b44cb90f33c
61 verbose addTmpTarball /tmp/npm-22931-c68c9584/registry.npmjs.org/coffeescript/-/coffeescript-1.12.6.tgz not in flight; adding
62 verbose addTmpTarball already have metadata; skipping unpack for coffeescript@1.12.6
63 silly cache afterAdd coffeescript@1.12.6
64 verbose afterAdd /home/kyle/.npm/coffeescript/1.12.6/package/package.json not in flight; writing
65 verbose afterAdd /home/kyle/.npm/coffeescript/1.12.6/package/package.json written
66 silly loadAllDepsIntoIdealTree Finishing
67 silly idealTree:prePrune lib
67 silly idealTree:prePrune └── coffeescript@1.12.6
68 silly loadIdealTree Finishing
69 silly currentTree lib
70 silly idealTree lib
70 silly idealTree └── coffeescript@1.12.6
71 silly generateActionsToTake Starting
72 silly install generateActionsToTake
73 warn checkPermissions Missing write access to /usr/local/lib/node_modules
74 silly rollbackFailedOptional Starting
75 silly rollbackFailedOptional Finishing
76 silly runTopLevelLifecycles Starting
77 silly runTopLevelLifecycles Finishing
78 silly install printInstalled
79 verbose stack Error: EACCES: permission denied, access '/usr/local/lib/node_modules'
79 verbose stack     at Error (native)
80 verbose cwd /home/kyle/workspace/calendar-prototype
81 error Linux 4.8.0-49-generic
82 error argv "/usr/bin/nodejs" "/usr/bin/npm" "install" "-g" "coffeescript"
83 error node v4.2.6
84 error npm  v3.5.2
85 error path /usr/local/lib/node_modules
86 error code EACCES
87 error errno -13
88 error syscall access
89 error Error: EACCES: permission denied, access '/usr/local/lib/node_modules'
89 error     at Error (native)
89 error  { [Error: EACCES: permission denied, access '/usr/local/lib/node_modules']
89 error   errno: -13,
89 error   code: 'EACCES',
89 error   syscall: 'access',
89 error   path: '/usr/local/lib/node_modules' }
90 error Please try running this command again as root/Administrator.
91 verbose exit [ -13, true ]
